<?xml version="1.0" encoding="UTF-8"?>
<!-- Generated by org.testng.reporters.JUnitReportReporter -->
<testsuite hostname="LAPTOP-3E6UM09F" failures="0" tests="1" name="Ebay.BuyEbay" time="13.781" errors="0" timestamp="2022-10-12T19:27:50 EDT" skipped="0">
  <testcase classname="Ebay.BuyEbay" name="f" time="13.781"/>
  <system-out/>
</testsuite> <!-- Ebay.BuyEbay -->
