<?xml version="1.0" encoding="UTF-8"?>
<!-- Generated by org.testng.reporters.JUnitReportReporter -->
<testsuite hostname="LAPTOP-3E6UM09F" failures="0" tests="1" name="TestNG.NewTestSession" time="13.298" errors="0" timestamp="2022-10-12T19:27:50 EDT" skipped="0">
  <testcase classname="TestNG.NewTestSession" name="f" time="13.298"/>
  <system-out/>
</testsuite> <!-- TestNG.NewTestSession -->
