<?xml version="1.0" encoding="UTF-8"?>
<!-- Generated by org.testng.reporters.JUnitReportReporter -->
<testsuite hostname="LAPTOP-3E6UM09F" failures="0" tests="3" name="TestNG.Providing" time="43.745" errors="0" timestamp="2022-10-12T21:19:12 EDT" skipped="0">
  <testcase classname="TestNG.Providing" name="f" time="17.928"/>
  <system-out/>
  <testcase classname="TestNG.Providing" name="f" time="12.255"/>
  <system-out/>
  <testcase classname="TestNG.Providing" name="f" time="13.562"/>
  <system-out/>
</testsuite> <!-- TestNG.Providing -->
