<?xml version="1.0" encoding="UTF-8"?>
<!-- Generated by org.testng.reporters.JUnitReportReporter -->
<testsuite hostname="LAPTOP-3E6UM09F" failures="0" tests="1" name="TestNG.AmazonBooks" time="1.881" errors="0" timestamp="2022-10-05T22:26:17 EDT" skipped="0">
  <testcase classname="TestNG.AmazonBooks" name="f" time="1.881"/>
  <system-out/>
</testsuite> <!-- TestNG.AmazonBooks -->
